# JRE version: OpenJDK Runtime Environment Temurin-25.0.2+10 (25.0.2+10) (build 25.0.2+10-LTS)
# Java VM: OpenJDK 64-Bit Server VM Temurin-25.0.2+10 (25.0.2+10-LTS, mixed mode, emulated-client, sharing, tiered, compressed oops, compressed class ptrs, g1 gc, windows-amd64)
GC Precious Log:
 CardTable entry size: 512
 Card Set container configuration: InlinePtr #cards 4 size 8 Array Of Cards #cards 16 size 48 Howl #buckets 8 coarsen threshold 3686 Howl Bitmap #cards 512 size 80 coarsen threshold 460 Card regions per heap region 1 cards per card region 4096
 CPUs: 12 total, 12 available
 Memory: 16134M
 Large Page Support: Disabled
 NUMA Support: Disabled
 Compressed Oops: Enabled (Zero based)
 Heap Region Size: 2M
 Heap Min Capacity: 8M
 Heap Initial Capacity: 254M
 Heap Max Capacity: 4034M
 Pre-touch: Disabled
 Parallel Workers: 10
 Concurrent Workers: 3
 Concurrent Refinement Workers: 10
 Periodic GC: Disabled
Heap:
 garbage-first heap   total reserved 4130816K, committed 102400K, used 57456K [0x0000000703e00000, 0x0000000800000000)
  region size 2048K, 17 young (34816K), 4 survivors (8192K)
GC Heap Usage History (20 events):
Event: 71.268 {heap After GC invocations=14 (full 3):
 garbage-first heap   total reserved 4130816K, committed 88064K, used 28150K [0x0000000703e00000, 0x0000000800000000)
  region size 2048K, 0 young (0K), 0 survivors (0K)
}
Event: 71.633 {heap Before GC invocations=14 (full 3):
 garbage-first heap   total reserved 4130816K, committed 88064K, used 67062K [0x0000000703e00000, 0x0000000800000000)
  region size 2048K, 20 young (40960K), 0 survivors (0K)
}
Event: 71.636 {heap After GC invocations=15 (full 3):
 garbage-first heap   total reserved 4130816K, committed 88064K, used 33940K [0x0000000703e00000, 0x0000000800000000)
  region size 2048K, 3 young (6144K), 3 survivors (6144K)
}
Event: 75.186 {heap Before GC invocations=15 (full 3):
 garbage-first heap   total reserved 4130816K, committed 88064K, used 46228K [0x0000000703e00000, 0x0000000800000000)
  region size 2048K, 10 young (20480K), 3 survivors (6144K)
}
Event: 75.225 {heap After GC invocations=16 (full 4):
 garbage-first heap   total reserved 4130816K, committed 88064K, used 27945K [0x0000000703e00000, 0x0000000800000000)
  region size 2048K, 0 young (0K), 0 survivors (0K)
}
Event: 75.534 {heap Before GC invocations=16 (full 4):
 garbage-first heap   total reserved 4130816K, committed 88064K, used 66857K [0x0000000703e00000, 0x0000000800000000)
  region size 2048K, 20 young (40960K), 0 survivors (0K)
}
Event: 75.537 {heap After GC invocations=17 (full 4):
 garbage-first heap   total reserved 4130816K, committed 106496K, used 33686K [0x0000000703e00000, 0x0000000800000000)
  region size 2048K, 3 young (6144K), 3 survivors (6144K)
}
Event: 79.080 {heap Before GC invocations=17 (full 4):
 garbage-first heap   total reserved 4130816K, committed 106496K, used 45974K [0x0000000703e00000, 0x0000000800000000)
  region size 2048K, 10 young (20480K), 3 survivors (6144K)
}
Event: 79.122 {heap After GC invocations=18 (full 5):
 garbage-first heap   total reserved 4130816K, committed 102400K, used 28139K [0x0000000703e00000, 0x0000000800000000)
  region size 2048K, 0 young (0K), 0 survivors (0K)
}
Event: 79.622 {heap Before GC invocations=18 (full 5):
 garbage-first heap   total reserved 4130816K, committed 102400K, used 79339K [0x0000000703e00000, 0x0000000800000000)
  region size 2048K, 25 young (51200K), 0 survivors (0K)
}
Event: 79.625 {heap After GC invocations=19 (full 5):
 garbage-first heap   total reserved 4130816K, committed 102400K, used 34594K [0x0000000703e00000, 0x0000000800000000)
  region size 2048K, 4 young (8192K), 4 survivors (8192K)
}
Event: 81.034 {heap Before GC invocations=19 (full 5):
 garbage-first heap   total reserved 4130816K, committed 102400K, used 36642K [0x0000000703e00000, 0x0000000800000000)
  region size 2048K, 6 young (12288K), 4 survivors (8192K)
}
Event: 81.069 {heap After GC invocations=20 (full 6):
 garbage-first heap   total reserved 4130816K, committed 102400K, used 28293K [0x0000000703e00000, 0x0000000800000000)
  region size 2048K, 0 young (0K), 0 survivors (0K)
}
Event: 81.558 {heap Before GC invocations=20 (full 6):
 garbage-first heap   total reserved 4130816K, committed 102400K, used 75397K [0x0000000703e00000, 0x0000000800000000)
  region size 2048K, 24 young (49152K), 0 survivors (0K)
}
Event: 81.561 {heap After GC invocations=21 (full 6):
 garbage-first heap   total reserved 4130816K, committed 102400K, used 34437K [0x0000000703e00000, 0x0000000800000000)
  region size 2048K, 3 young (6144K), 3 survivors (6144K)
}
Event: 82.997 {heap Before GC invocations=21 (full 6):
 garbage-first heap   total reserved 4130816K, committed 102400K, used 38533K [0x0000000703e00000, 0x0000000800000000)
  region size 2048K, 6 young (12288K), 3 survivors (6144K)
}
Event: 83.032 {heap After GC invocations=22 (full 7):
 garbage-first heap   total reserved 4130816K, committed 102400K, used 28449K [0x0000000703e00000, 0x0000000800000000)
  region size 2048K, 0 young (0K), 0 survivors (0K)
}
Event: 83.480 {heap Before GC invocations=22 (full 7):
 garbage-first heap   total reserved 4130816K, committed 102400K, used 77601K [0x0000000703e00000, 0x0000000800000000)
  region size 2048K, 25 young (51200K), 0 survivors (0K)
}
Event: 83.484 {heap After GC invocations=23 (full 7):
 garbage-first heap   total reserved 4130816K, committed 102400K, used 34928K [0x0000000703e00000, 0x0000000800000000)
  region size 2048K, 4 young (8192K), 4 survivors (8192K)
}
Event: 275.189 {heap Before GC invocations=23 (full 7):
 garbage-first heap   total reserved 4130816K, committed 102400K, used 57456K [0x0000000703e00000, 0x0000000800000000)
  region size 2048K, 17 young (34816K), 4 survivors (8192K)
}

